Connecting to database specified by database.yml
Connecting to database specified by database.yml
Connecting to database specified by database.yml
Connecting to database specified by database.yml
Connecting to database specified by database.yml
Connecting to database specified by database.yml
Connecting to database specified by database.yml
Connecting to database specified by database.yml
Connecting to database specified by database.yml
Connecting to database specified by database.yml
Connecting to database specified by database.yml
Connecting to database specified by database.yml
  [1m[36m (0.1ms)[0m  [1mselect sqlite_version(*)[0m
  [1m[35m (1.1ms)[0m  CREATE TABLE "schema_migrations" ("version" varchar(255) NOT NULL) 
  [1m[36m (0.0ms)[0m  [1mPRAGMA index_list("schema_migrations")[0m
  [1m[35m (0.7ms)[0m  CREATE UNIQUE INDEX "unique_schema_migrations" ON "schema_migrations" ("version")
  [1m[36m (0.1ms)[0m  [1mSELECT "schema_migrations"."version" FROM "schema_migrations" [0m
Migrating to DeviseCreateUsers (20121123214730)
  [1m[35m (0.0ms)[0m  begin transaction
  [1m[36m (0.4ms)[0m  [1mCREATE TABLE "users" ("id" INTEGER PRIMARY KEY AUTOINCREMENT NOT NULL, "email" varchar(255) DEFAULT '' NOT NULL, "encrypted_password" varchar(255) DEFAULT '' NOT NULL, "reset_password_token" varchar(255), "reset_password_sent_at" datetime, "remember_created_at" datetime, "sign_in_count" integer DEFAULT 0, "current_sign_in_at" datetime, "last_sign_in_at" datetime, "current_sign_in_ip" varchar(255), "last_sign_in_ip" varchar(255), "created_at" datetime NOT NULL, "updated_at" datetime NOT NULL) [0m
  [1m[35m (0.0ms)[0m  PRAGMA index_list("users")
  [1m[36m (0.3ms)[0m  [1mCREATE UNIQUE INDEX "index_users_on_email" ON "users" ("email")[0m
  [1m[35m (0.0ms)[0m  PRAGMA index_list("users")
  [1m[36m (0.0ms)[0m  [1mPRAGMA index_info('index_users_on_email')[0m
  [1m[35m (0.2ms)[0m  CREATE UNIQUE INDEX "index_users_on_reset_password_token" ON "users" ("reset_password_token")
  [1m[36m (0.1ms)[0m  [1mINSERT INTO "schema_migrations" ("version") VALUES ('20121123214730')[0m
  [1m[35m (1.0ms)[0m  commit transaction
Migrating to AddNameToUsers (20121123214733)
  [1m[36m (0.0ms)[0m  [1mbegin transaction[0m
  [1m[35m (0.3ms)[0m  ALTER TABLE "users" ADD "name" varchar(255)
  [1m[36m (0.1ms)[0m  [1mINSERT INTO "schema_migrations" ("version") VALUES ('20121123214733')[0m
  [1m[35m (0.5ms)[0m  commit transaction
Migrating to AddConfirmableToUsers (20121123214736)
  [1m[36m (0.0ms)[0m  [1mbegin transaction[0m
  [1m[35m (0.3ms)[0m  ALTER TABLE "users" ADD "confirmation_token" varchar(255)
  [1m[36m (0.2ms)[0m  [1mALTER TABLE "users" ADD "confirmed_at" datetime[0m
  [1m[35m (0.2ms)[0m  ALTER TABLE "users" ADD "confirmation_sent_at" datetime
  [1m[36m (0.2ms)[0m  [1mALTER TABLE "users" ADD "unconfirmed_email" varchar(255)[0m
  [1m[35m (0.1ms)[0m  INSERT INTO "schema_migrations" ("version") VALUES ('20121123214736')
  [1m[36m (0.6ms)[0m  [1mcommit transaction[0m
Migrating to RolifyCreateRoles (20121123214742)
  [1m[35m (0.0ms)[0m  begin transaction
  [1m[36m (0.3ms)[0m  [1mCREATE TABLE "roles" ("id" INTEGER PRIMARY KEY AUTOINCREMENT NOT NULL, "name" varchar(255), "resource_id" integer, "resource_type" varchar(255), "created_at" datetime NOT NULL, "updated_at" datetime NOT NULL) [0m
  [1m[35m (0.1ms)[0m  CREATE TABLE "users_roles" ("user_id" integer, "role_id" integer) 
  [1m[36m (0.0ms)[0m  [1mPRAGMA index_list("roles")[0m
  [1m[35m (0.1ms)[0m  CREATE INDEX "index_roles_on_name" ON "roles" ("name")
  [1m[36m (0.0ms)[0m  [1mPRAGMA index_list("roles")[0m
  [1m[35m (0.0ms)[0m  PRAGMA index_info('index_roles_on_name')
  [1m[36m (0.1ms)[0m  [1mCREATE INDEX "index_roles_on_name_and_resource_type_and_resource_id" ON "roles" ("name", "resource_type", "resource_id")[0m
  [1m[35m (0.0ms)[0m  PRAGMA index_list("users_roles")
  [1m[36m (0.1ms)[0m  [1mCREATE INDEX "index_users_roles_on_user_id_and_role_id" ON "users_roles" ("user_id", "role_id")[0m
  [1m[35m (0.1ms)[0m  INSERT INTO "schema_migrations" ("version") VALUES ('20121123214742')
  [1m[36m (0.8ms)[0m  [1mcommit transaction[0m
  [1m[35m (0.3ms)[0m  select sqlite_version(*)
  [1m[36m (0.1ms)[0m  [1mSELECT "schema_migrations"."version" FROM "schema_migrations" [0m
  [1m[35m (0.0ms)[0m  PRAGMA index_list("roles")
  [1m[36m (0.0ms)[0m  [1mPRAGMA index_info('index_roles_on_name_and_resource_type_and_resource_id')[0m
  [1m[35m (0.0ms)[0m  PRAGMA index_info('index_roles_on_name')
  [1m[36m (0.0ms)[0m  [1mPRAGMA index_list("users")[0m
  [1m[35m (0.0ms)[0m  PRAGMA index_info('index_users_on_reset_password_token')
  [1m[36m (0.0ms)[0m  [1mPRAGMA index_info('index_users_on_email')[0m
  [1m[35m (0.0ms)[0m  PRAGMA index_list("users_roles")
  [1m[36m (0.0ms)[0m  [1mPRAGMA index_info('index_users_roles_on_user_id_and_role_id')[0m
Connecting to database specified by database.yml
  [1m[36m (0.1ms)[0m  [1mSELECT "schema_migrations"."version" FROM "schema_migrations" [0m
  [1m[35m (0.2ms)[0m  select sqlite_version(*)
  [1m[36m (1.1ms)[0m  [1mCREATE TABLE "roles" ("id" INTEGER PRIMARY KEY AUTOINCREMENT NOT NULL, "name" varchar(255), "resource_id" integer, "resource_type" varchar(255), "created_at" datetime NOT NULL, "updated_at" datetime NOT NULL) [0m
  [1m[35m (0.0ms)[0m  PRAGMA index_list("roles")
  [1m[36m (0.8ms)[0m  [1mCREATE INDEX "index_roles_on_name_and_resource_type_and_resource_id" ON "roles" ("name", "resource_type", "resource_id")[0m
  [1m[35m (0.0ms)[0m  PRAGMA index_list("roles")
  [1m[36m (0.0ms)[0m  [1mPRAGMA index_info('index_roles_on_name_and_resource_type_and_resource_id')[0m
  [1m[35m (0.9ms)[0m  CREATE INDEX "index_roles_on_name" ON "roles" ("name")
  [1m[36m (1.4ms)[0m  [1mCREATE TABLE "users" ("id" INTEGER PRIMARY KEY AUTOINCREMENT NOT NULL, "email" varchar(255) DEFAULT '' NOT NULL, "encrypted_password" varchar(255) DEFAULT '' NOT NULL, "reset_password_token" varchar(255), "reset_password_sent_at" datetime, "remember_created_at" datetime, "sign_in_count" integer DEFAULT 0, "current_sign_in_at" datetime, "last_sign_in_at" datetime, "current_sign_in_ip" varchar(255), "last_sign_in_ip" varchar(255), "created_at" datetime NOT NULL, "updated_at" datetime NOT NULL, "name" varchar(255), "confirmation_token" varchar(255), "confirmed_at" datetime, "confirmation_sent_at" datetime, "unconfirmed_email" varchar(255)) [0m
  [1m[35m (0.0ms)[0m  PRAGMA index_list("users")
  [1m[36m (0.9ms)[0m  [1mCREATE UNIQUE INDEX "index_users_on_email" ON "users" ("email")[0m
  [1m[35m (0.0ms)[0m  PRAGMA index_list("users")
  [1m[36m (0.0ms)[0m  [1mPRAGMA index_info('index_users_on_email')[0m
  [1m[35m (0.9ms)[0m  CREATE UNIQUE INDEX "index_users_on_reset_password_token" ON "users" ("reset_password_token")
  [1m[36m (0.9ms)[0m  [1mCREATE TABLE "users_roles" ("user_id" integer, "role_id" integer) [0m
  [1m[35m (0.0ms)[0m  PRAGMA index_list("users_roles")
  [1m[36m (0.8ms)[0m  [1mCREATE INDEX "index_users_roles_on_user_id_and_role_id" ON "users_roles" ("user_id", "role_id")[0m
  [1m[35m (0.8ms)[0m  CREATE TABLE "schema_migrations" ("version" varchar(255) NOT NULL) 
  [1m[36m (0.0ms)[0m  [1mPRAGMA index_list("schema_migrations")[0m
  [1m[35m (0.8ms)[0m  CREATE UNIQUE INDEX "unique_schema_migrations" ON "schema_migrations" ("version")
  [1m[36m (0.1ms)[0m  [1mSELECT version FROM "schema_migrations"[0m
  [1m[35m (1.0ms)[0m  INSERT INTO "schema_migrations" (version) VALUES ('20121123214742')
  [1m[36m (0.9ms)[0m  [1mINSERT INTO "schema_migrations" (version) VALUES ('20121123214730')[0m
  [1m[35m (0.9ms)[0m  INSERT INTO "schema_migrations" (version) VALUES ('20121123214733')
  [1m[36m (0.8ms)[0m  [1mINSERT INTO "schema_migrations" (version) VALUES ('20121123214736')[0m
Connecting to database specified by database.yml
  [1m[36m (0.1ms)[0m  [1mSELECT "schema_migrations"."version" FROM "schema_migrations" [0m
  [1m[35m (0.1ms)[0m  begin transaction
  [1m[36mUser Exists (0.1ms)[0m  [1mSELECT 1 AS one FROM "users" WHERE "users"."email" = 'user@example.com' LIMIT 1[0m
  [1m[35mUser Load (0.1ms)[0m  SELECT "users".* FROM "users" WHERE "users"."confirmation_token" = 'TaANa1AGZhHSyYmGnfoj' LIMIT 1
Binary data inserted for `string` type on column `encrypted_password`
  [1m[36mSQL (44.5ms)[0m  [1mINSERT INTO "users" ("confirmation_sent_at", "confirmation_token", "confirmed_at", "created_at", "current_sign_in_at", "current_sign_in_ip", "email", "encrypted_password", "last_sign_in_at", "last_sign_in_ip", "name", "remember_created_at", "reset_password_sent_at", "reset_password_token", "sign_in_count", "unconfirmed_email", "updated_at") VALUES (?, ?, ?, ?, ?, ?, ?, ?, ?, ?, ?, ?, ?, ?, ?, ?, ?)[0m  [["confirmation_sent_at", Fri, 23 Nov 2012 21:48:13 UTC +00:00], ["confirmation_token", "TaANa1AGZhHSyYmGnfoj"], ["confirmed_at", nil], ["created_at", Fri, 23 Nov 2012 21:48:13 UTC +00:00], ["current_sign_in_at", nil], ["current_sign_in_ip", nil], ["email", "user@example.com"], ["encrypted_password", "$2a$10$TRn1GfyLj.R8UpAthYGVbugI1U7NeWewCprYhA5qVxtc0ei56IQE."], ["last_sign_in_at", nil], ["last_sign_in_ip", nil], ["name", "First User"], ["remember_created_at", nil], ["reset_password_sent_at", nil], ["reset_password_token", nil], ["sign_in_count", 0], ["unconfirmed_email", nil], ["updated_at", Fri, 23 Nov 2012 21:48:13 UTC +00:00]]
  Rendered /Users/chip/.rvm/gems/ruby-1.9.3-p194/gems/devise-2.1.2/app/views/devise/mailer/confirmation_instructions.html.erb (0.8ms)

Sent mail to user@example.com (63ms)
Date: Fri, 23 Nov 2012 13:48:14 -0800
From: please-change-me-at-config-initializers-devise@example.com
Reply-To: please-change-me-at-config-initializers-devise@example.com
To: user@example.com
Message-ID: <50afef1e80622_222a3ffc1c835ad8373e@l-bonnie.mail>
Subject: Confirmation instructions
Mime-Version: 1.0
Content-Type: text/html;
 charset=UTF-8
Content-Transfer-Encoding: 7bit

<p>Welcome user@example.com!</p>

<p>You can confirm your account email through the link below:</p>

<p><a href="http://localhost:3000/users/confirmation?confirmation_token=TaANa1AGZhHSyYmGnfoj">Confirm my account</a></p>

  [1m[35m (1.4ms)[0m  commit transaction
  [1m[36m (0.0ms)[0m  [1mbegin transaction[0m
  [1m[35m (0.2ms)[0m  UPDATE "users" SET "confirmation_token" = NULL, "confirmed_at" = '2012-11-23 21:48:14.581604', "updated_at" = '2012-11-23 21:48:14.582202' WHERE "users"."id" = 1
  [1m[36m (1.4ms)[0m  [1mcommit transaction[0m
  [1m[35m (0.1ms)[0m  begin transaction
  [1m[36mUser Exists (0.1ms)[0m  [1mSELECT 1 AS one FROM "users" WHERE "users"."email" = 'user2@example.com' LIMIT 1[0m
  [1m[35mUser Load (0.1ms)[0m  SELECT "users".* FROM "users" WHERE "users"."confirmation_token" = 'N4qgJCppLjzW4YZH3CA3' LIMIT 1
Binary data inserted for `string` type on column `encrypted_password`
  [1m[36mSQL (0.4ms)[0m  [1mINSERT INTO "users" ("confirmation_sent_at", "confirmation_token", "confirmed_at", "created_at", "current_sign_in_at", "current_sign_in_ip", "email", "encrypted_password", "last_sign_in_at", "last_sign_in_ip", "name", "remember_created_at", "reset_password_sent_at", "reset_password_token", "sign_in_count", "unconfirmed_email", "updated_at") VALUES (?, ?, ?, ?, ?, ?, ?, ?, ?, ?, ?, ?, ?, ?, ?, ?, ?)[0m  [["confirmation_sent_at", Fri, 23 Nov 2012 21:48:14 UTC +00:00], ["confirmation_token", "N4qgJCppLjzW4YZH3CA3"], ["confirmed_at", nil], ["created_at", Fri, 23 Nov 2012 21:48:14 UTC +00:00], ["current_sign_in_at", nil], ["current_sign_in_ip", nil], ["email", "user2@example.com"], ["encrypted_password", "$2a$10$f4LHzVx2qw8r8kNzGgYo6eDqYQEJzP1m7BxqjpV7qJ/5EF04FBX2S"], ["last_sign_in_at", nil], ["last_sign_in_ip", nil], ["name", "Second User"], ["remember_created_at", nil], ["reset_password_sent_at", nil], ["reset_password_token", nil], ["sign_in_count", 0], ["unconfirmed_email", nil], ["updated_at", Fri, 23 Nov 2012 21:48:14 UTC +00:00]]
  Rendered /Users/chip/.rvm/gems/ruby-1.9.3-p194/gems/devise-2.1.2/app/views/devise/mailer/confirmation_instructions.html.erb (0.3ms)

Sent mail to user2@example.com (3ms)
Date: Fri, 23 Nov 2012 13:48:14 -0800
From: please-change-me-at-config-initializers-devise@example.com
Reply-To: please-change-me-at-config-initializers-devise@example.com
To: user2@example.com
Message-ID: <50afef1ea471c_222a3ffc1c835ad8385@l-bonnie.mail>
Subject: Confirmation instructions
Mime-Version: 1.0
Content-Type: text/html;
 charset=UTF-8
Content-Transfer-Encoding: 7bit

<p>Welcome user2@example.com!</p>

<p>You can confirm your account email through the link below:</p>

<p><a href="http://localhost:3000/users/confirmation?confirmation_token=N4qgJCppLjzW4YZH3CA3">Confirm my account</a></p>

  [1m[35m (0.8ms)[0m  commit transaction
  [1m[36m (0.0ms)[0m  [1mbegin transaction[0m
  [1m[35m (0.2ms)[0m  UPDATE "users" SET "confirmation_token" = NULL, "confirmed_at" = '2012-11-23 21:48:14.677017', "updated_at" = '2012-11-23 21:48:14.677360' WHERE "users"."id" = 2
  [1m[36m (0.7ms)[0m  [1mcommit transaction[0m
  [1m[35mRole Load (0.1ms)[0m  SELECT "roles".* FROM "roles" WHERE "roles"."name" = 'admin' AND "roles"."resource_type" IS NULL AND "roles"."resource_id" IS NULL LIMIT 1
  [1m[36m (0.0ms)[0m  [1mbegin transaction[0m
  [1m[35mSQL (0.4ms)[0m  INSERT INTO "roles" ("created_at", "name", "resource_id", "resource_type", "updated_at") VALUES (?, ?, ?, ?, ?)  [["created_at", Fri, 23 Nov 2012 21:48:14 UTC +00:00], ["name", "admin"], ["resource_id", nil], ["resource_type", nil], ["updated_at", Fri, 23 Nov 2012 21:48:14 UTC +00:00]]
  [1m[36m (1.1ms)[0m  [1mcommit transaction[0m
  [1m[35mRole Exists (0.1ms)[0m  SELECT 1 AS one FROM "roles" INNER JOIN "users_roles" ON "roles"."id" = "users_roles"."role_id" WHERE "users_roles"."user_id" = 1 AND "roles"."id" = 1 LIMIT 1
  [1m[36m (0.1ms)[0m  [1mSELECT "roles".id FROM "roles" INNER JOIN "users_roles" ON "roles"."id" = "users_roles"."role_id" WHERE "users_roles"."user_id" = 1[0m
  [1m[35mRole Load (0.1ms)[0m  SELECT "roles".* FROM "roles" WHERE "roles"."id" = ? LIMIT 1  [["id", 1]]
  [1m[36mRole Load (0.1ms)[0m  [1mSELECT "roles".* FROM "roles" INNER JOIN "users_roles" ON "roles"."id" = "users_roles"."role_id" WHERE "users_roles"."user_id" = 1[0m
  [1m[35m (0.0ms)[0m  begin transaction
  [1m[36m (0.2ms)[0m  [1mINSERT INTO "users_roles" ("user_id", "role_id") VALUES (1, 1)[0m
  [1m[35m (1.3ms)[0m  commit transaction
Connecting to database specified by database.yml
Connecting to database specified by database.yml
  [1m[36m (0.1ms)[0m  [1mselect sqlite_version(*)[0m
  [1m[35m (8.6ms)[0m  CREATE TABLE "schema_migrations" ("version" varchar(255) NOT NULL) 
  [1m[36m (0.0ms)[0m  [1mPRAGMA index_list("schema_migrations")[0m
  [1m[35m (9.1ms)[0m  CREATE UNIQUE INDEX "unique_schema_migrations" ON "schema_migrations" ("version")
  [1m[36m (0.1ms)[0m  [1mSELECT "schema_migrations"."version" FROM "schema_migrations" [0m
Migrating to DeviseCreateUsers (20121123214730)
  [1m[35m (0.0ms)[0m  begin transaction
  [1m[36m (0.4ms)[0m  [1mCREATE TABLE "users" ("id" INTEGER PRIMARY KEY AUTOINCREMENT NOT NULL, "email" varchar(255) DEFAULT '' NOT NULL, "encrypted_password" varchar(255) DEFAULT '' NOT NULL, "reset_password_token" varchar(255), "reset_password_sent_at" datetime, "remember_created_at" datetime, "sign_in_count" integer DEFAULT 0, "current_sign_in_at" datetime, "last_sign_in_at" datetime, "current_sign_in_ip" varchar(255), "last_sign_in_ip" varchar(255), "created_at" datetime NOT NULL, "updated_at" datetime NOT NULL) [0m
  [1m[35m (0.0ms)[0m  PRAGMA index_list("users")
  [1m[36m (0.2ms)[0m  [1mCREATE UNIQUE INDEX "index_users_on_email" ON "users" ("email")[0m
  [1m[35m (0.0ms)[0m  PRAGMA index_list("users")
  [1m[36m (0.0ms)[0m  [1mPRAGMA index_info('index_users_on_email')[0m
  [1m[35m (0.1ms)[0m  CREATE UNIQUE INDEX "index_users_on_reset_password_token" ON "users" ("reset_password_token")
  [1m[36m (0.1ms)[0m  [1mINSERT INTO "schema_migrations" ("version") VALUES ('20121123214730')[0m
  [1m[35m (0.7ms)[0m  commit transaction
Migrating to AddNameToUsers (20121123214733)
  [1m[36m (0.0ms)[0m  [1mbegin transaction[0m
  [1m[35m (0.3ms)[0m  ALTER TABLE "users" ADD "name" varchar(255)
  [1m[36m (0.1ms)[0m  [1mINSERT INTO "schema_migrations" ("version") VALUES ('20121123214733')[0m
  [1m[35m (0.9ms)[0m  commit transaction
Migrating to AddConfirmableToUsers (20121123214736)
  [1m[36m (0.0ms)[0m  [1mbegin transaction[0m
  [1m[35m (0.3ms)[0m  ALTER TABLE "users" ADD "confirmation_token" varchar(255)
  [1m[36m (0.2ms)[0m  [1mALTER TABLE "users" ADD "confirmed_at" datetime[0m
  [1m[35m (0.1ms)[0m  ALTER TABLE "users" ADD "confirmation_sent_at" datetime
  [1m[36m (0.1ms)[0m  [1mALTER TABLE "users" ADD "unconfirmed_email" varchar(255)[0m
  [1m[35m (0.1ms)[0m  INSERT INTO "schema_migrations" ("version") VALUES ('20121123214736')
  [1m[36m (0.8ms)[0m  [1mcommit transaction[0m
Migrating to RolifyCreateRoles (20121123214742)
  [1m[35m (0.0ms)[0m  begin transaction
  [1m[36m (0.2ms)[0m  [1mCREATE TABLE "roles" ("id" INTEGER PRIMARY KEY AUTOINCREMENT NOT NULL, "name" varchar(255), "resource_id" integer, "resource_type" varchar(255), "created_at" datetime NOT NULL, "updated_at" datetime NOT NULL) [0m
  [1m[35m (0.1ms)[0m  CREATE TABLE "users_roles" ("user_id" integer, "role_id" integer) 
  [1m[36m (0.0ms)[0m  [1mPRAGMA index_list("roles")[0m
  [1m[35m (0.1ms)[0m  CREATE INDEX "index_roles_on_name" ON "roles" ("name")
  [1m[36m (0.0ms)[0m  [1mPRAGMA index_list("roles")[0m
  [1m[35m (0.0ms)[0m  PRAGMA index_info('index_roles_on_name')
  [1m[36m (0.2ms)[0m  [1mCREATE INDEX "index_roles_on_name_and_resource_type_and_resource_id" ON "roles" ("name", "resource_type", "resource_id")[0m
  [1m[35m (0.0ms)[0m  PRAGMA index_list("users_roles")
  [1m[36m (0.1ms)[0m  [1mCREATE INDEX "index_users_roles_on_user_id_and_role_id" ON "users_roles" ("user_id", "role_id")[0m
  [1m[35m (0.1ms)[0m  INSERT INTO "schema_migrations" ("version") VALUES ('20121123214742')
  [1m[36m (1.3ms)[0m  [1mcommit transaction[0m
Migrating to AddOptinToUsers (20121123214822)
  [1m[35m (0.0ms)[0m  begin transaction
  [1m[36m (0.4ms)[0m  [1mALTER TABLE "users" ADD "opt_in" boolean[0m
  [1m[35m (0.1ms)[0m  INSERT INTO "schema_migrations" ("version") VALUES ('20121123214822')
  [1m[36m (0.8ms)[0m  [1mcommit transaction[0m
  [1m[35m (0.4ms)[0m  select sqlite_version(*)
  [1m[36m (0.1ms)[0m  [1mSELECT "schema_migrations"."version" FROM "schema_migrations" [0m
  [1m[35m (0.1ms)[0m  PRAGMA index_list("roles")
  [1m[36m (0.0ms)[0m  [1mPRAGMA index_info('index_roles_on_name_and_resource_type_and_resource_id')[0m
  [1m[35m (0.0ms)[0m  PRAGMA index_info('index_roles_on_name')
  [1m[36m (0.0ms)[0m  [1mPRAGMA index_list("users")[0m
  [1m[35m (0.0ms)[0m  PRAGMA index_info('index_users_on_reset_password_token')
  [1m[36m (0.0ms)[0m  [1mPRAGMA index_info('index_users_on_email')[0m
  [1m[35m (0.0ms)[0m  PRAGMA index_list("users_roles")
  [1m[36m (0.0ms)[0m  [1mPRAGMA index_info('index_users_roles_on_user_id_and_role_id')[0m
Connecting to database specified by database.yml
  [1m[36m (0.1ms)[0m  [1mSELECT "schema_migrations"."version" FROM "schema_migrations" [0m
  [1m[35m (0.2ms)[0m  select sqlite_version(*)
  [1m[36m (1.5ms)[0m  [1mCREATE TABLE "roles" ("id" INTEGER PRIMARY KEY AUTOINCREMENT NOT NULL, "name" varchar(255), "resource_id" integer, "resource_type" varchar(255), "created_at" datetime NOT NULL, "updated_at" datetime NOT NULL) [0m
  [1m[35m (0.0ms)[0m  PRAGMA index_list("roles")
  [1m[36m (0.6ms)[0m  [1mCREATE INDEX "index_roles_on_name_and_resource_type_and_resource_id" ON "roles" ("name", "resource_type", "resource_id")[0m
  [1m[35m (0.0ms)[0m  PRAGMA index_list("roles")
  [1m[36m (0.0ms)[0m  [1mPRAGMA index_info('index_roles_on_name_and_resource_type_and_resource_id')[0m
  [1m[35m (0.6ms)[0m  CREATE INDEX "index_roles_on_name" ON "roles" ("name")
  [1m[36m (1.0ms)[0m  [1mCREATE TABLE "users" ("id" INTEGER PRIMARY KEY AUTOINCREMENT NOT NULL, "email" varchar(255) DEFAULT '' NOT NULL, "encrypted_password" varchar(255) DEFAULT '' NOT NULL, "reset_password_token" varchar(255), "reset_password_sent_at" datetime, "remember_created_at" datetime, "sign_in_count" integer DEFAULT 0, "current_sign_in_at" datetime, "last_sign_in_at" datetime, "current_sign_in_ip" varchar(255), "last_sign_in_ip" varchar(255), "created_at" datetime NOT NULL, "updated_at" datetime NOT NULL, "name" varchar(255), "confirmation_token" varchar(255), "confirmed_at" datetime, "confirmation_sent_at" datetime, "unconfirmed_email" varchar(255), "opt_in" boolean) [0m
  [1m[35m (0.0ms)[0m  PRAGMA index_list("users")
  [1m[36m (0.8ms)[0m  [1mCREATE UNIQUE INDEX "index_users_on_email" ON "users" ("email")[0m
  [1m[35m (0.0ms)[0m  PRAGMA index_list("users")
  [1m[36m (0.0ms)[0m  [1mPRAGMA index_info('index_users_on_email')[0m
  [1m[35m (0.8ms)[0m  CREATE UNIQUE INDEX "index_users_on_reset_password_token" ON "users" ("reset_password_token")
  [1m[36m (0.7ms)[0m  [1mCREATE TABLE "users_roles" ("user_id" integer, "role_id" integer) [0m
  [1m[35m (0.0ms)[0m  PRAGMA index_list("users_roles")
  [1m[36m (1.1ms)[0m  [1mCREATE INDEX "index_users_roles_on_user_id_and_role_id" ON "users_roles" ("user_id", "role_id")[0m
  [1m[35m (0.9ms)[0m  CREATE TABLE "schema_migrations" ("version" varchar(255) NOT NULL) 
  [1m[36m (0.0ms)[0m  [1mPRAGMA index_list("schema_migrations")[0m
  [1m[35m (0.9ms)[0m  CREATE UNIQUE INDEX "unique_schema_migrations" ON "schema_migrations" ("version")
  [1m[36m (0.1ms)[0m  [1mSELECT version FROM "schema_migrations"[0m
  [1m[35m (0.7ms)[0m  INSERT INTO "schema_migrations" (version) VALUES ('20121123214822')
  [1m[36m (0.8ms)[0m  [1mINSERT INTO "schema_migrations" (version) VALUES ('20121123214730')[0m
  [1m[35m (0.7ms)[0m  INSERT INTO "schema_migrations" (version) VALUES ('20121123214733')
  [1m[36m (0.8ms)[0m  [1mINSERT INTO "schema_migrations" (version) VALUES ('20121123214736')[0m
  [1m[35m (0.7ms)[0m  INSERT INTO "schema_migrations" (version) VALUES ('20121123214742')
Connecting to database specified by database.yml
  [1m[36m (0.1ms)[0m  [1mSELECT "schema_migrations"."version" FROM "schema_migrations" [0m
  [1m[35m (0.1ms)[0m  begin transaction
  [1m[36mUser Exists (0.1ms)[0m  [1mSELECT 1 AS one FROM "users" WHERE "users"."email" = 'user@example.com' LIMIT 1[0m
  [1m[35mUser Load (0.1ms)[0m  SELECT "users".* FROM "users" WHERE "users"."confirmation_token" = 'fzKZLDVCcCyne6oWZtEh' LIMIT 1
Binary data inserted for `string` type on column `encrypted_password`
  [1m[36mSQL (1.3ms)[0m  [1mINSERT INTO "users" ("confirmation_sent_at", "confirmation_token", "confirmed_at", "created_at", "current_sign_in_at", "current_sign_in_ip", "email", "encrypted_password", "last_sign_in_at", "last_sign_in_ip", "name", "opt_in", "remember_created_at", "reset_password_sent_at", "reset_password_token", "sign_in_count", "unconfirmed_email", "updated_at") VALUES (?, ?, ?, ?, ?, ?, ?, ?, ?, ?, ?, ?, ?, ?, ?, ?, ?, ?)[0m  [["confirmation_sent_at", Fri, 23 Nov 2012 21:48:36 UTC +00:00], ["confirmation_token", "fzKZLDVCcCyne6oWZtEh"], ["confirmed_at", nil], ["created_at", Fri, 23 Nov 2012 21:48:36 UTC +00:00], ["current_sign_in_at", nil], ["current_sign_in_ip", nil], ["email", "user@example.com"], ["encrypted_password", "$2a$10$wGWaM5Hdkb6NHhSWpKjO/.Dc7I91qt19gI0Dvst5O2qHksZi4zI/q"], ["last_sign_in_at", nil], ["last_sign_in_ip", nil], ["name", "First User"], ["opt_in", nil], ["remember_created_at", nil], ["reset_password_sent_at", nil], ["reset_password_token", nil], ["sign_in_count", 0], ["unconfirmed_email", nil], ["updated_at", Fri, 23 Nov 2012 21:48:36 UTC +00:00]]
  Rendered /Users/chip/.rvm/gems/ruby-1.9.3-p194/gems/devise-2.1.2/app/views/devise/mailer/confirmation_instructions.html.erb (0.8ms)

Sent mail to user@example.com (37ms)
Date: Fri, 23 Nov 2012 13:48:36 -0800
From: please-change-me-at-config-initializers-devise@example.com
Reply-To: please-change-me-at-config-initializers-devise@example.com
To: user@example.com
Message-ID: <50afef34d5332_225a3fdd7c835ad830961@l-bonnie.mail>
Subject: Confirmation instructions
Mime-Version: 1.0
Content-Type: text/html;
 charset=UTF-8
Content-Transfer-Encoding: 7bit

<p>Welcome user@example.com!</p>

<p>You can confirm your account email through the link below:</p>

<p><a href="http://localhost:3000/users/confirmation?confirmation_token=fzKZLDVCcCyne6oWZtEh">Confirm my account</a></p>

  [1m[35m (1.3ms)[0m  commit transaction
  [1m[36m (0.0ms)[0m  [1mbegin transaction[0m
  [1m[35m (0.2ms)[0m  UPDATE "users" SET "confirmation_token" = NULL, "confirmed_at" = '2012-11-23 21:48:36.904997', "updated_at" = '2012-11-23 21:48:36.905558' WHERE "users"."id" = 1
  [1m[36m (0.5ms)[0m  [1mcommit transaction[0m
  [1m[35m (0.1ms)[0m  begin transaction
  [1m[36mUser Exists (0.1ms)[0m  [1mSELECT 1 AS one FROM "users" WHERE "users"."email" = 'user2@example.com' LIMIT 1[0m
  [1m[35mUser Load (0.1ms)[0m  SELECT "users".* FROM "users" WHERE "users"."confirmation_token" = '3yPYDup3CHq73bBqphUv' LIMIT 1
Binary data inserted for `string` type on column `encrypted_password`
  [1m[36mSQL (0.4ms)[0m  [1mINSERT INTO "users" ("confirmation_sent_at", "confirmation_token", "confirmed_at", "created_at", "current_sign_in_at", "current_sign_in_ip", "email", "encrypted_password", "last_sign_in_at", "last_sign_in_ip", "name", "opt_in", "remember_created_at", "reset_password_sent_at", "reset_password_token", "sign_in_count", "unconfirmed_email", "updated_at") VALUES (?, ?, ?, ?, ?, ?, ?, ?, ?, ?, ?, ?, ?, ?, ?, ?, ?, ?)[0m  [["confirmation_sent_at", Fri, 23 Nov 2012 21:48:36 UTC +00:00], ["confirmation_token", "3yPYDup3CHq73bBqphUv"], ["confirmed_at", nil], ["created_at", Fri, 23 Nov 2012 21:48:36 UTC +00:00], ["current_sign_in_at", nil], ["current_sign_in_ip", nil], ["email", "user2@example.com"], ["encrypted_password", "$2a$10$8qgYvEJqBJAxIXlxooW7sOjy4fZL6m44VLB89dyzhUuRziaehCpvC"], ["last_sign_in_at", nil], ["last_sign_in_ip", nil], ["name", "Second User"], ["opt_in", nil], ["remember_created_at", nil], ["reset_password_sent_at", nil], ["reset_password_token", nil], ["sign_in_count", 0], ["unconfirmed_email", nil], ["updated_at", Fri, 23 Nov 2012 21:48:36 UTC +00:00]]
  Rendered /Users/chip/.rvm/gems/ruby-1.9.3-p194/gems/devise-2.1.2/app/views/devise/mailer/confirmation_instructions.html.erb (0.3ms)

Sent mail to user2@example.com (3ms)
Date: Fri, 23 Nov 2012 13:48:36 -0800
From: please-change-me-at-config-initializers-devise@example.com
Reply-To: please-change-me-at-config-initializers-devise@example.com
To: user2@example.com
Message-ID: <50afef34f2d1b_225a3fdd7c835ad8310a5@l-bonnie.mail>
Subject: Confirmation instructions
Mime-Version: 1.0
Content-Type: text/html;
 charset=UTF-8
Content-Transfer-Encoding: 7bit

<p>Welcome user2@example.com!</p>

<p>You can confirm your account email through the link below:</p>

<p><a href="http://localhost:3000/users/confirmation?confirmation_token=3yPYDup3CHq73bBqphUv">Confirm my account</a></p>

  [1m[35m (1.1ms)[0m  commit transaction
  [1m[36m (0.0ms)[0m  [1mbegin transaction[0m
  [1m[35m (0.2ms)[0m  UPDATE "users" SET "confirmation_token" = NULL, "confirmed_at" = '2012-11-23 21:48:36.998405', "updated_at" = '2012-11-23 21:48:36.998753' WHERE "users"."id" = 2
  [1m[36m (0.6ms)[0m  [1mcommit transaction[0m
  [1m[35mRole Load (0.1ms)[0m  SELECT "roles".* FROM "roles" WHERE "roles"."name" = 'admin' AND "roles"."resource_type" IS NULL AND "roles"."resource_id" IS NULL LIMIT 1
  [1m[36m (0.1ms)[0m  [1mbegin transaction[0m
  [1m[35mSQL (0.4ms)[0m  INSERT INTO "roles" ("created_at", "name", "resource_id", "resource_type", "updated_at") VALUES (?, ?, ?, ?, ?)  [["created_at", Fri, 23 Nov 2012 21:48:37 UTC +00:00], ["name", "admin"], ["resource_id", nil], ["resource_type", nil], ["updated_at", Fri, 23 Nov 2012 21:48:37 UTC +00:00]]
  [1m[36m (1.0ms)[0m  [1mcommit transaction[0m
  [1m[35mRole Exists (0.1ms)[0m  SELECT 1 AS one FROM "roles" INNER JOIN "users_roles" ON "roles"."id" = "users_roles"."role_id" WHERE "users_roles"."user_id" = 1 AND "roles"."id" = 1 LIMIT 1
  [1m[36m (0.1ms)[0m  [1mSELECT "roles".id FROM "roles" INNER JOIN "users_roles" ON "roles"."id" = "users_roles"."role_id" WHERE "users_roles"."user_id" = 1[0m
  [1m[35mRole Load (0.1ms)[0m  SELECT "roles".* FROM "roles" WHERE "roles"."id" = ? LIMIT 1  [["id", 1]]
  [1m[36mRole Load (0.1ms)[0m  [1mSELECT "roles".* FROM "roles" INNER JOIN "users_roles" ON "roles"."id" = "users_roles"."role_id" WHERE "users_roles"."user_id" = 1[0m
  [1m[35m (0.0ms)[0m  begin transaction
  [1m[36m (0.2ms)[0m  [1mINSERT INTO "users_roles" ("user_id", "role_id") VALUES (1, 1)[0m
  [1m[35m (0.8ms)[0m  commit transaction
Connecting to database specified by database.yml
Connecting to database specified by database.yml
Connecting to database specified by database.yml
Connecting to database specified by database.yml
Connecting to database specified by database.yml
  [1m[36m (72.1ms)[0m  [1mDROP DATABASE IF EXISTS `rightbyme_development`[0m
  [1m[35m (0.5ms)[0m  DROP DATABASE IF EXISTS `rightbyme_test`
  [1m[36m (0.2ms)[0m  [1mCREATE DATABASE `rightbyme_development` DEFAULT CHARACTER SET `utf8` COLLATE `utf8_unicode_ci`[0m
  [1m[35m (0.1ms)[0m  CREATE DATABASE `rightbyme_test` DEFAULT CHARACTER SET `utf8` COLLATE `utf8_unicode_ci`
  [1m[36m (216.8ms)[0m  [1mCREATE TABLE `roles` (`id` int(11) DEFAULT NULL auto_increment PRIMARY KEY, `name` varchar(255), `resource_id` int(11), `resource_type` varchar(255), `created_at` datetime NOT NULL, `updated_at` datetime NOT NULL) ENGINE=InnoDB[0m
  [1m[35m (497.4ms)[0m  CREATE INDEX `index_roles_on_name_and_resource_type_and_resource_id` ON `roles` (`name`, `resource_type`, `resource_id`)
  [1m[36m (190.9ms)[0m  [1mCREATE INDEX `index_roles_on_name` ON `roles` (`name`)[0m
  [1m[35m (224.2ms)[0m  CREATE TABLE `users` (`id` int(11) DEFAULT NULL auto_increment PRIMARY KEY, `email` varchar(255) DEFAULT '' NOT NULL, `encrypted_password` varchar(255) DEFAULT '' NOT NULL, `reset_password_token` varchar(255), `reset_password_sent_at` datetime, `remember_created_at` datetime, `sign_in_count` int(11) DEFAULT 0, `current_sign_in_at` datetime, `last_sign_in_at` datetime, `current_sign_in_ip` varchar(255), `last_sign_in_ip` varchar(255), `created_at` datetime NOT NULL, `updated_at` datetime NOT NULL, `name` varchar(255), `confirmation_token` varchar(255), `confirmed_at` datetime, `confirmation_sent_at` datetime, `unconfirmed_email` varchar(255), `opt_in` tinyint(1)) ENGINE=InnoDB
  [1m[36m (246.3ms)[0m  [1mCREATE UNIQUE INDEX `index_users_on_email` ON `users` (`email`)[0m
  [1m[35m (222.5ms)[0m  CREATE UNIQUE INDEX `index_users_on_reset_password_token` ON `users` (`reset_password_token`)
  [1m[36m (239.0ms)[0m  [1mCREATE TABLE `users_roles` (`user_id` int(11), `role_id` int(11)) ENGINE=InnoDB[0m
  [1m[35m (257.5ms)[0m  CREATE INDEX `index_users_roles_on_user_id_and_role_id` ON `users_roles` (`user_id`, `role_id`)
  [1m[36m (219.0ms)[0m  [1mCREATE TABLE `schema_migrations` (`version` varchar(255) NOT NULL) ENGINE=InnoDB[0m
  [1m[35m (235.1ms)[0m  CREATE UNIQUE INDEX `unique_schema_migrations` ON `schema_migrations` (`version`)
  [1m[36m (76.7ms)[0m  [1mSELECT version FROM `schema_migrations`[0m
  [1m[35m (0.9ms)[0m  INSERT INTO `schema_migrations` (version) VALUES ('20121123214822')
  [1m[36m (0.5ms)[0m  [1mINSERT INTO `schema_migrations` (version) VALUES ('20121123214730')[0m
  [1m[35m (0.4ms)[0m  INSERT INTO `schema_migrations` (version) VALUES ('20121123214733')
  [1m[36m (0.3ms)[0m  [1mINSERT INTO `schema_migrations` (version) VALUES ('20121123214736')[0m
  [1m[35m (0.3ms)[0m  INSERT INTO `schema_migrations` (version) VALUES ('20121123214742')
  [1m[36m (0.1ms)[0m  [1mSELECT `schema_migrations`.`version` FROM `schema_migrations` [0m
  [1m[35mSQL (0.2ms)[0m  BEGIN
  [1m[36mUser Exists (0.8ms)[0m  [1mSELECT 1 AS one FROM `users` WHERE `users`.`email` = BINARY 'user@example.com' LIMIT 1[0m
  [1m[35mSQL (50.7ms)[0m  INSERT INTO `users` (`confirmation_sent_at`, `confirmation_token`, `confirmed_at`, `created_at`, `current_sign_in_at`, `current_sign_in_ip`, `email`, `encrypted_password`, `last_sign_in_at`, `last_sign_in_ip`, `name`, `opt_in`, `remember_created_at`, `reset_password_sent_at`, `reset_password_token`, `sign_in_count`, `unconfirmed_email`, `updated_at`) VALUES (?, ?, ?, ?, ?, ?, ?, ?, ?, ?, ?, ?, ?, ?, ?, ?, ?, ?)  [["confirmation_sent_at", nil], ["confirmation_token", nil], ["confirmed_at", nil], ["created_at", Fri, 23 Nov 2012 22:19:56 UTC +00:00], ["current_sign_in_at", nil], ["current_sign_in_ip", nil], ["email", "user@example.com"], ["encrypted_password", "$2a$10$A578I2i9rtsDDVFj./FbJORyKHb9328M6GVidLcFF3vN9Fgn7XyEm"], ["last_sign_in_at", nil], ["last_sign_in_ip", nil], ["name", "First User"], ["opt_in", nil], ["remember_created_at", nil], ["reset_password_sent_at", nil], ["reset_password_token", nil], ["sign_in_count", 0], ["unconfirmed_email", nil], ["updated_at", Fri, 23 Nov 2012 22:19:56 UTC +00:00]]
  [1m[36m (0.8ms)[0m  [1mCOMMIT[0m
  [1m[35mSQL (0.3ms)[0m  BEGIN
  [1m[36m (0.7ms)[0m  [1mUPDATE `users` SET `confirmed_at` = '2012-11-23 22:19:56', `updated_at` = '2012-11-23 22:19:56' WHERE `users`.`id` = 1[0m
  [1m[35m (0.6ms)[0m  COMMIT
  [1m[36mSQL (0.1ms)[0m  [1mBEGIN[0m
  [1m[35mUser Exists (0.4ms)[0m  SELECT 1 AS one FROM `users` WHERE `users`.`email` = BINARY 'user2@example.com' LIMIT 1
  [1m[36mSQL (0.7ms)[0m  [1mINSERT INTO `users` (`confirmation_sent_at`, `confirmation_token`, `confirmed_at`, `created_at`, `current_sign_in_at`, `current_sign_in_ip`, `email`, `encrypted_password`, `last_sign_in_at`, `last_sign_in_ip`, `name`, `opt_in`, `remember_created_at`, `reset_password_sent_at`, `reset_password_token`, `sign_in_count`, `unconfirmed_email`, `updated_at`) VALUES (?, ?, ?, ?, ?, ?, ?, ?, ?, ?, ?, ?, ?, ?, ?, ?, ?, ?)[0m  [["confirmation_sent_at", nil], ["confirmation_token", nil], ["confirmed_at", nil], ["created_at", Fri, 23 Nov 2012 22:19:56 UTC +00:00], ["current_sign_in_at", nil], ["current_sign_in_ip", nil], ["email", "user2@example.com"], ["encrypted_password", "$2a$10$NgHQ5xx7H1lFSl4lkRNyzeAr9vRFjuTKRgIVqlhxqbyfXXpW4MT4m"], ["last_sign_in_at", nil], ["last_sign_in_ip", nil], ["name", "Second User"], ["opt_in", nil], ["remember_created_at", nil], ["reset_password_sent_at", nil], ["reset_password_token", nil], ["sign_in_count", 0], ["unconfirmed_email", nil], ["updated_at", Fri, 23 Nov 2012 22:19:56 UTC +00:00]]
  [1m[35m (0.5ms)[0m  COMMIT
  [1m[36mSQL (0.1ms)[0m  [1mBEGIN[0m
  [1m[35m (0.2ms)[0m  UPDATE `users` SET `confirmed_at` = '2012-11-23 22:19:56', `updated_at` = '2012-11-23 22:19:56' WHERE `users`.`id` = 2
  [1m[36m (0.4ms)[0m  [1mCOMMIT[0m
  [1m[35mRole Load (0.8ms)[0m  SELECT `roles`.* FROM `roles` WHERE `roles`.`name` = 'admin' AND `roles`.`resource_type` IS NULL AND `roles`.`resource_id` IS NULL LIMIT 1
  [1m[36mSQL (0.2ms)[0m  [1mBEGIN[0m
  [1m[35mSQL (1.0ms)[0m  INSERT INTO `roles` (`created_at`, `name`, `resource_id`, `resource_type`, `updated_at`) VALUES (?, ?, ?, ?, ?)  [["created_at", Fri, 23 Nov 2012 22:19:56 UTC +00:00], ["name", "admin"], ["resource_id", nil], ["resource_type", nil], ["updated_at", Fri, 23 Nov 2012 22:19:56 UTC +00:00]]
  [1m[36m (0.6ms)[0m  [1mCOMMIT[0m
  [1m[35mRole Exists (0.2ms)[0m  SELECT 1 AS one FROM `roles` INNER JOIN `users_roles` ON `roles`.`id` = `users_roles`.`role_id` WHERE `users_roles`.`user_id` = 1 AND `roles`.`id` = 1 LIMIT 1
  [1m[36m (0.1ms)[0m  [1mSELECT `roles`.id FROM `roles` INNER JOIN `users_roles` ON `roles`.`id` = `users_roles`.`role_id` WHERE `users_roles`.`user_id` = 1[0m
  [1m[35mRole Load (0.3ms)[0m  SELECT `roles`.* FROM `roles` WHERE `roles`.`id` = ? LIMIT 1  [["id", 1]]
  [1m[36mRole Load (0.3ms)[0m  [1mSELECT `roles`.* FROM `roles` INNER JOIN `users_roles` ON `roles`.`id` = `users_roles`.`role_id` WHERE `users_roles`.`user_id` = 1[0m
  [1m[35mSQL (0.2ms)[0m  BEGIN
  [1m[36m (0.1ms)[0m  [1mINSERT INTO `users_roles` (`user_id`, `role_id`) VALUES (1, 1)[0m
  [1m[35m (0.3ms)[0m  COMMIT
Connecting to database specified by database.yml


Started GET "/" for 127.0.0.1 at 2012-11-23 14:27:32 -0800

ActionController::RoutingError (uninitialized constant ApplicationController):
  activesupport (3.2.8) lib/active_support/inflector/methods.rb:230:in `block in constantize'
  activesupport (3.2.8) lib/active_support/inflector/methods.rb:229:in `each'
  activesupport (3.2.8) lib/active_support/inflector/methods.rb:229:in `constantize'
  activesupport (3.2.8) lib/active_support/core_ext/string/inflections.rb:54:in `constantize'
  devise (2.1.2) app/controllers/devise_controller.rb:2:in `<top (required)>'
  devise (2.1.2) app/controllers/devise/registrations_controller.rb:1:in `<top (required)>'
  activesupport (3.2.8) lib/active_support/inflector/methods.rb:230:in `block in constantize'
  activesupport (3.2.8) lib/active_support/inflector/methods.rb:229:in `each'
  activesupport (3.2.8) lib/active_support/inflector/methods.rb:229:in `constantize'
  actionpack (3.2.8) lib/action_dispatch/routing/route_set.rb:69:in `controller_reference'
  actionpack (3.2.8) lib/action_dispatch/routing/route_set.rb:54:in `controller'
  actionpack (3.2.8) lib/action_dispatch/routing/route_set.rb:32:in `call'
  actionpack (3.2.8) lib/action_dispatch/routing/mapper.rb:42:in `call'
  journey (1.0.4) lib/journey/router.rb:68:in `block in call'
  journey (1.0.4) lib/journey/router.rb:56:in `each'
  journey (1.0.4) lib/journey/router.rb:56:in `call'
  actionpack (3.2.8) lib/action_dispatch/routing/route_set.rb:600:in `call'
  sass (3.2.3) lib/sass/plugin/rack.rb:54:in `call'
  warden (1.2.1) lib/warden/manager.rb:35:in `block in call'
  warden (1.2.1) lib/warden/manager.rb:34:in `catch'
  warden (1.2.1) lib/warden/manager.rb:34:in `call'
  actionpack (3.2.8) lib/action_dispatch/middleware/best_standards_support.rb:17:in `call'
  rack (1.4.1) lib/rack/etag.rb:23:in `call'
  rack (1.4.1) lib/rack/conditionalget.rb:25:in `call'
  actionpack (3.2.8) lib/action_dispatch/middleware/head.rb:14:in `call'
  actionpack (3.2.8) lib/action_dispatch/middleware/params_parser.rb:21:in `call'
  actionpack (3.2.8) lib/action_dispatch/middleware/flash.rb:242:in `call'
  rack (1.4.1) lib/rack/session/abstract/id.rb:205:in `context'
  rack (1.4.1) lib/rack/session/abstract/id.rb:200:in `call'
  actionpack (3.2.8) lib/action_dispatch/middleware/cookies.rb:339:in `call'
  activerecord (3.2.8) lib/active_record/query_cache.rb:64:in `call'
  activerecord (3.2.8) lib/active_record/connection_adapters/abstract/connection_pool.rb:473:in `call'
  actionpack (3.2.8) lib/action_dispatch/middleware/callbacks.rb:28:in `block in call'
  activesupport (3.2.8) lib/active_support/callbacks.rb:405:in `_run__4597520072894915477__call__930269848150222232__callbacks'
  activesupport (3.2.8) lib/active_support/callbacks.rb:405:in `__run_callback'
  activesupport (3.2.8) lib/active_support/callbacks.rb:385:in `_run_call_callbacks'
  activesupport (3.2.8) lib/active_support/callbacks.rb:81:in `run_callbacks'
  actionpack (3.2.8) lib/action_dispatch/middleware/callbacks.rb:27:in `call'
  actionpack (3.2.8) lib/action_dispatch/middleware/reloader.rb:65:in `call'
  actionpack (3.2.8) lib/action_dispatch/middleware/remote_ip.rb:31:in `call'
  actionpack (3.2.8) lib/action_dispatch/middleware/debug_exceptions.rb:16:in `call'
  actionpack (3.2.8) lib/action_dispatch/middleware/show_exceptions.rb:56:in `call'
  railties (3.2.8) lib/rails/rack/logger.rb:26:in `call_app'
  railties (3.2.8) lib/rails/rack/logger.rb:16:in `call'
  quiet_assets (1.0.1) lib/quiet_assets.rb:20:in `call_with_quiet_assets'
  actionpack (3.2.8) lib/action_dispatch/middleware/request_id.rb:22:in `call'
  rack (1.4.1) lib/rack/methodoverride.rb:21:in `call'
  rack (1.4.1) lib/rack/runtime.rb:17:in `call'
  activesupport (3.2.8) lib/active_support/cache/strategy/local_cache.rb:72:in `call'
  rack (1.4.1) lib/rack/lock.rb:15:in `call'
  actionpack (3.2.8) lib/action_dispatch/middleware/static.rb:62:in `call'
  railties (3.2.8) lib/rails/engine.rb:479:in `call'
  railties (3.2.8) lib/rails/application.rb:223:in `call'
  rack (1.4.1) lib/rack/content_length.rb:14:in `call'
  railties (3.2.8) lib/rails/rack/log_tailer.rb:17:in `call'
  rack (1.4.1) lib/rack/handler/webrick.rb:59:in `service'
  /Users/chip/.rvm/rubies/ruby-1.9.3-p194/lib/ruby/1.9.1/webrick/httpserver.rb:138:in `service'
  /Users/chip/.rvm/rubies/ruby-1.9.3-p194/lib/ruby/1.9.1/webrick/httpserver.rb:94:in `run'
  /Users/chip/.rvm/rubies/ruby-1.9.3-p194/lib/ruby/1.9.1/webrick/server.rb:191:in `block in start_thread'


  Rendered /Users/chip/.rvm/gems/ruby-1.9.3-p194/gems/actionpack-3.2.8/lib/action_dispatch/middleware/templates/rescues/routing_error.erb within rescues/layout (0.6ms)
Connecting to database specified by database.yml
Connecting to database specified by database.yml


Started GET "/" for 127.0.0.1 at 2012-11-23 14:36:33 -0800
Processing by Devise::RegistrationsController#new as HTML
  Rendered devise/registrations/new.html.haml within layouts/application (237.0ms)
  Rendered layouts/_navigation.html.haml (34.1ms)
  Rendered layouts/_messages.html.haml (1.5ms)
Completed 200 OK in 4850ms (Views: 4786.6ms | ActiveRecord: 2.9ms)


Started GET "/users/sign_up" for 127.0.0.1 at 2012-11-23 14:36:42 -0800
Processing by RegistrationsController#new as HTML
  Rendered devise/registrations/new.html.haml within layouts/application (3.0ms)
  Rendered layouts/_navigation.html.haml (0.7ms)
  Rendered layouts/_messages.html.haml (0.1ms)
Completed 200 OK in 21ms (Views: 20.2ms | ActiveRecord: 0.0ms)


Started GET "/users/sign_in" for 127.0.0.1 at 2012-11-23 14:36:44 -0800
Processing by Devise::SessionsController#new as HTML
  Rendered devise/shared/_links.html.haml (2.3ms)
  Rendered devise/sessions/new.html.haml within layouts/application (53.4ms)
  Rendered layouts/_navigation.html.haml (1.1ms)
  Rendered layouts/_messages.html.haml (0.1ms)
Completed 200 OK in 98ms (Views: 96.6ms | ActiveRecord: 0.0ms)


Started GET "/" for 127.0.0.1 at 2012-11-23 14:36:46 -0800
Processing by Devise::RegistrationsController#new as HTML
  Rendered devise/registrations/new.html.haml within layouts/application (2.8ms)
  Rendered layouts/_navigation.html.haml (0.7ms)
  Rendered layouts/_messages.html.haml (0.1ms)
Completed 200 OK in 19ms (Views: 18.8ms | ActiveRecord: 0.0ms)


Started GET "/users/sign_in" for 127.0.0.1 at 2012-11-23 14:36:47 -0800
Processing by Devise::SessionsController#new as HTML
  Rendered devise/shared/_links.html.haml (0.4ms)
  Rendered devise/sessions/new.html.haml within layouts/application (6.3ms)
  Rendered layouts/_navigation.html.haml (0.7ms)
  Rendered layouts/_messages.html.haml (0.1ms)
Completed 200 OK in 23ms (Views: 22.2ms | ActiveRecord: 0.0ms)


Started GET "/users/sign_up" for 127.0.0.1 at 2012-11-23 14:36:48 -0800
Processing by RegistrationsController#new as HTML
  Rendered devise/registrations/new.html.haml within layouts/application (3.2ms)
  Rendered layouts/_navigation.html.haml (0.7ms)
  Rendered layouts/_messages.html.haml (0.1ms)
Completed 200 OK in 21ms (Views: 20.2ms | ActiveRecord: 0.0ms)


Started POST "/users" for 127.0.0.1 at 2012-11-23 14:36:59 -0800
Processing by RegistrationsController#create as */*
  Parameters: {"user"=>{"email"=>"chip@msg8.com", "opt_in"=>"false"}}
  [1m[36mSQL (2.0ms)[0m  [1mBEGIN[0m
  [1m[35mUser Exists (0.4ms)[0m  SELECT 1 AS one FROM `users` WHERE `users`.`email` = BINARY 'chip@msg8.com' LIMIT 1
  [1m[36mSQL (2.3ms)[0m  [1mINSERT INTO `users` (`confirmation_sent_at`, `confirmation_token`, `confirmed_at`, `created_at`, `current_sign_in_at`, `current_sign_in_ip`, `email`, `encrypted_password`, `last_sign_in_at`, `last_sign_in_ip`, `name`, `opt_in`, `remember_created_at`, `reset_password_sent_at`, `reset_password_token`, `sign_in_count`, `unconfirmed_email`, `updated_at`) VALUES (?, ?, ?, ?, ?, ?, ?, ?, ?, ?, ?, ?, ?, ?, ?, ?, ?, ?)[0m  [["confirmation_sent_at", nil], ["confirmation_token", nil], ["confirmed_at", nil], ["created_at", Fri, 23 Nov 2012 22:36:59 UTC +00:00], ["current_sign_in_at", nil], ["current_sign_in_ip", nil], ["email", "chip@msg8.com"], ["encrypted_password", ""], ["last_sign_in_at", nil], ["last_sign_in_ip", nil], ["name", nil], ["opt_in", false], ["remember_created_at", nil], ["reset_password_sent_at", nil], ["reset_password_token", nil], ["sign_in_count", 0], ["unconfirmed_email", nil], ["updated_at", Fri, 23 Nov 2012 22:36:59 UTC +00:00]]
  [1m[35m (0.3ms)[0m  COMMIT
  Rendered devise/registrations/_thankyou.html.haml (3.1ms)
Completed 200 OK in 74ms (Views: 11.1ms | ActiveRecord: 4.9ms)


Started GET "/users/sign_in" for 127.0.0.1 at 2012-11-23 14:37:33 -0800
Processing by Devise::SessionsController#new as HTML
  Rendered devise/shared/_links.html.haml (0.4ms)
  Rendered devise/sessions/new.html.haml within layouts/application (6.2ms)
  Rendered layouts/_navigation.html.haml (0.7ms)
  Rendered layouts/_messages.html.haml (0.1ms)
Completed 200 OK in 27ms (Views: 26.1ms | ActiveRecord: 0.0ms)


Started POST "/users/sign_in" for 127.0.0.1 at 2012-11-23 14:37:38 -0800
Processing by Devise::SessionsController#create as HTML
  Parameters: {"utf8"=>"✓", "authenticity_token"=>"f1hkwaIoYtlxK/Z8XOp7rxO1Xa1qLikT7bw+PWC63Ts=", "user"=>{"email"=>"user2@example.com", "password"=>"[FILTERED]", "remember_me"=>"0"}, "commit"=>"Sign in"}
  [1m[36mUser Load (0.4ms)[0m  [1mSELECT `users`.* FROM `users` WHERE `users`.`email` = 'user2@example.com' LIMIT 1[0m
  [1m[35mSQL (0.2ms)[0m  BEGIN
  [1m[36m (0.3ms)[0m  [1mUPDATE `users` SET `last_sign_in_at` = '2012-11-23 22:37:38', `current_sign_in_at` = '2012-11-23 22:37:38', `last_sign_in_ip` = '127.0.0.1', `current_sign_in_ip` = '127.0.0.1', `sign_in_count` = 1, `updated_at` = '2012-11-23 22:37:38' WHERE `users`.`id` = 2[0m
  [1m[35m (5.6ms)[0m  COMMIT
Redirected to http://localhost:3000/
Completed 302 Found in 142ms (ActiveRecord: 0.0ms)


Started GET "/" for 127.0.0.1 at 2012-11-23 14:37:38 -0800
  [1m[36mUser Load (0.3ms)[0m  [1mSELECT `users`.* FROM `users` WHERE `users`.`id` = 2 LIMIT 1[0m
Processing by HomeController#index as HTML
  Rendered home/index.html.haml within layouts/application (0.7ms)
  [1m[35m (0.5ms)[0m  SELECT COUNT(*) FROM `roles` INNER JOIN `users_roles` ON `roles`.`id` = `users_roles`.`role_id` WHERE `users_roles`.`user_id` = 2 AND (((roles.name = 'admin') AND (roles.resource_type IS NULL) AND (roles.resource_id IS NULL)))
  Rendered layouts/_navigation.html.haml (101.8ms)
  Rendered layouts/_messages.html.haml (0.3ms)
Completed 200 OK in 119ms (Views: 74.6ms | ActiveRecord: 43.8ms)


Started GET "/users/edit" for 127.0.0.1 at 2012-11-23 14:37:42 -0800
Processing by RegistrationsController#edit as HTML
  [1m[36mUser Load (0.4ms)[0m  [1mSELECT `users`.* FROM `users` WHERE `users`.`id` = 2 LIMIT 1[0m
  Rendered devise/registrations/edit.html.haml within layouts/application (8.4ms)
  [1m[35m (0.4ms)[0m  SELECT COUNT(*) FROM `roles` INNER JOIN `users_roles` ON `roles`.`id` = `users_roles`.`role_id` WHERE `users_roles`.`user_id` = 2 AND (((roles.name = 'admin') AND (roles.resource_type IS NULL) AND (roles.resource_id IS NULL)))
  Rendered layouts/_navigation.html.haml (2.3ms)
  Rendered layouts/_messages.html.haml (0.1ms)
Completed 200 OK in 28ms (Views: 26.2ms | ActiveRecord: 0.8ms)


Started GET "/" for 127.0.0.1 at 2012-11-23 14:37:46 -0800
  [1m[36mUser Load (0.3ms)[0m  [1mSELECT `users`.* FROM `users` WHERE `users`.`id` = 2 LIMIT 1[0m
Processing by HomeController#index as HTML
  Rendered home/index.html.haml within layouts/application (0.1ms)
  [1m[35m (0.4ms)[0m  SELECT COUNT(*) FROM `roles` INNER JOIN `users_roles` ON `roles`.`id` = `users_roles`.`role_id` WHERE `users_roles`.`user_id` = 2 AND (((roles.name = 'admin') AND (roles.resource_type IS NULL) AND (roles.resource_id IS NULL)))
  Rendered layouts/_navigation.html.haml (2.4ms)
  Rendered layouts/_messages.html.haml (0.1ms)
Completed 200 OK in 17ms (Views: 16.5ms | ActiveRecord: 0.4ms)


Started GET "/admin" for 127.0.0.1 at 2012-11-23 14:37:51 -0800

ActionController::RoutingError (No route matches [GET] "/admin"):
  actionpack (3.2.8) lib/action_dispatch/middleware/debug_exceptions.rb:21:in `call'
  actionpack (3.2.8) lib/action_dispatch/middleware/show_exceptions.rb:56:in `call'
  railties (3.2.8) lib/rails/rack/logger.rb:26:in `call_app'
  railties (3.2.8) lib/rails/rack/logger.rb:16:in `call'
  quiet_assets (1.0.1) lib/quiet_assets.rb:20:in `call_with_quiet_assets'
  actionpack (3.2.8) lib/action_dispatch/middleware/request_id.rb:22:in `call'
  rack (1.4.1) lib/rack/methodoverride.rb:21:in `call'
  rack (1.4.1) lib/rack/runtime.rb:17:in `call'
  activesupport (3.2.8) lib/active_support/cache/strategy/local_cache.rb:72:in `call'
  rack (1.4.1) lib/rack/lock.rb:15:in `call'
  actionpack (3.2.8) lib/action_dispatch/middleware/static.rb:62:in `call'
  railties (3.2.8) lib/rails/engine.rb:479:in `call'
  railties (3.2.8) lib/rails/application.rb:223:in `call'
  rack (1.4.1) lib/rack/content_length.rb:14:in `call'
  railties (3.2.8) lib/rails/rack/log_tailer.rb:17:in `call'
  rack (1.4.1) lib/rack/handler/webrick.rb:59:in `service'
  /Users/chip/.rvm/rubies/ruby-1.9.3-p194/lib/ruby/1.9.1/webrick/httpserver.rb:138:in `service'
  /Users/chip/.rvm/rubies/ruby-1.9.3-p194/lib/ruby/1.9.1/webrick/httpserver.rb:94:in `run'
  /Users/chip/.rvm/rubies/ruby-1.9.3-p194/lib/ruby/1.9.1/webrick/server.rb:191:in `block in start_thread'


  Rendered /Users/chip/.rvm/gems/ruby-1.9.3-p194/gems/actionpack-3.2.8/lib/action_dispatch/middleware/templates/rescues/routing_error.erb within rescues/layout (0.6ms)


Started GET "/users" for 127.0.0.1 at 2012-11-23 14:39:18 -0800
Processing by UsersController#index as HTML
  [1m[36mUser Load (0.3ms)[0m  [1mSELECT `users`.* FROM `users` WHERE `users`.`id` = 2 LIMIT 1[0m
  [1m[35m (0.3ms)[0m  SELECT COUNT(*) FROM `roles` INNER JOIN `users_roles` ON `roles`.`id` = `users_roles`.`role_id` WHERE `users_roles`.`user_id` = 2 AND (((roles.name = 'admin') AND (roles.resource_type IS NULL) AND (roles.resource_id IS NULL)))
Redirected to http://localhost:3000/
Completed 302 Found in 5ms (ActiveRecord: 0.6ms)


Started GET "/" for 127.0.0.1 at 2012-11-23 14:39:18 -0800
  [1m[36mUser Load (0.4ms)[0m  [1mSELECT `users`.* FROM `users` WHERE `users`.`id` = 2 LIMIT 1[0m
Processing by HomeController#index as HTML
  Rendered home/index.html.haml within layouts/application (0.1ms)
  [1m[35m (0.4ms)[0m  SELECT COUNT(*) FROM `roles` INNER JOIN `users_roles` ON `roles`.`id` = `users_roles`.`role_id` WHERE `users_roles`.`user_id` = 2 AND (((roles.name = 'admin') AND (roles.resource_type IS NULL) AND (roles.resource_id IS NULL)))
  Rendered layouts/_navigation.html.haml (2.5ms)
  Rendered layouts/_messages.html.haml (0.2ms)
Completed 200 OK in 17ms (Views: 16.4ms | ActiveRecord: 0.4ms)


Started DELETE "/users/sign_out" for 127.0.0.1 at 2012-11-23 14:39:23 -0800
Processing by Devise::SessionsController#destroy as HTML
  Parameters: {"authenticity_token"=>"f1hkwaIoYtlxK/Z8XOp7rxO1Xa1qLikT7bw+PWC63Ts="}
  [1m[36mUser Load (0.4ms)[0m  [1mSELECT `users`.* FROM `users` WHERE `users`.`id` = 2 LIMIT 1[0m
  [1m[35mSQL (0.1ms)[0m  BEGIN
  [1m[36m (0.1ms)[0m  [1mCOMMIT[0m
Redirected to http://localhost:3000/
Completed 302 Found in 13ms (ActiveRecord: 0.6ms)


Started GET "/" for 127.0.0.1 at 2012-11-23 14:39:23 -0800
Processing by Devise::RegistrationsController#new as HTML
  Rendered devise/registrations/new.html.haml within layouts/application (3.0ms)
  Rendered layouts/_navigation.html.haml (0.7ms)
  Rendered layouts/_messages.html.haml (0.2ms)
Completed 200 OK in 19ms (Views: 18.8ms | ActiveRecord: 0.0ms)
Connecting to database specified by database.yml
  [1m[36m (2.9ms)[0m  [1mDROP DATABASE IF EXISTS `rightbyme_development`[0m
  [1m[35m (0.2ms)[0m  DROP DATABASE IF EXISTS `rightbyme_test`
  [1m[36m (0.2ms)[0m  [1mCREATE DATABASE `rightbyme_development` DEFAULT CHARACTER SET `utf8` COLLATE `utf8_unicode_ci`[0m
  [1m[35m (0.1ms)[0m  CREATE DATABASE `rightbyme_test` DEFAULT CHARACTER SET `utf8` COLLATE `utf8_unicode_ci`
  [1m[36m (123.3ms)[0m  [1mCREATE TABLE `roles` (`id` int(11) DEFAULT NULL auto_increment PRIMARY KEY, `name` varchar(255), `resource_id` int(11), `resource_type` varchar(255), `created_at` datetime NOT NULL, `updated_at` datetime NOT NULL) ENGINE=InnoDB[0m
  [1m[35m (458.3ms)[0m  CREATE INDEX `index_roles_on_name_and_resource_type_and_resource_id` ON `roles` (`name`, `resource_type`, `resource_id`)
  [1m[36m (234.9ms)[0m  [1mCREATE INDEX `index_roles_on_name` ON `roles` (`name`)[0m
  [1m[35m (226.4ms)[0m  CREATE TABLE `users` (`id` int(11) DEFAULT NULL auto_increment PRIMARY KEY, `email` varchar(255) DEFAULT '' NOT NULL, `encrypted_password` varchar(255) DEFAULT '' NOT NULL, `reset_password_token` varchar(255), `reset_password_sent_at` datetime, `remember_created_at` datetime, `sign_in_count` int(11) DEFAULT 0, `current_sign_in_at` datetime, `last_sign_in_at` datetime, `current_sign_in_ip` varchar(255), `last_sign_in_ip` varchar(255), `created_at` datetime NOT NULL, `updated_at` datetime NOT NULL, `name` varchar(255), `confirmation_token` varchar(255), `confirmed_at` datetime, `confirmation_sent_at` datetime, `unconfirmed_email` varchar(255), `opt_in` tinyint(1)) ENGINE=InnoDB
  [1m[36m (247.0ms)[0m  [1mCREATE UNIQUE INDEX `index_users_on_email` ON `users` (`email`)[0m
  [1m[35m (244.1ms)[0m  CREATE UNIQUE INDEX `index_users_on_reset_password_token` ON `users` (`reset_password_token`)
  [1m[36m (253.9ms)[0m  [1mCREATE TABLE `users_roles` (`user_id` int(11), `role_id` int(11)) ENGINE=InnoDB[0m
  [1m[35m (289.9ms)[0m  CREATE INDEX `index_users_roles_on_user_id_and_role_id` ON `users_roles` (`user_id`, `role_id`)
  [1m[36m (232.1ms)[0m  [1mCREATE TABLE `schema_migrations` (`version` varchar(255) NOT NULL) ENGINE=InnoDB[0m
  [1m[35m (286.6ms)[0m  CREATE UNIQUE INDEX `unique_schema_migrations` ON `schema_migrations` (`version`)
  [1m[36m (1.8ms)[0m  [1mSELECT version FROM `schema_migrations`[0m
  [1m[35m (0.9ms)[0m  INSERT INTO `schema_migrations` (version) VALUES ('20121123214822')
  [1m[36m (1.0ms)[0m  [1mINSERT INTO `schema_migrations` (version) VALUES ('20121123214730')[0m
  [1m[35m (0.8ms)[0m  INSERT INTO `schema_migrations` (version) VALUES ('20121123214733')
  [1m[36m (0.7ms)[0m  [1mINSERT INTO `schema_migrations` (version) VALUES ('20121123214736')[0m
  [1m[35m (0.8ms)[0m  INSERT INTO `schema_migrations` (version) VALUES ('20121123214742')
  [1m[36m (0.1ms)[0m  [1mSELECT `schema_migrations`.`version` FROM `schema_migrations` [0m
  [1m[35mSQL (0.1ms)[0m  BEGIN
  [1m[36mUser Exists (0.3ms)[0m  [1mSELECT 1 AS one FROM `users` WHERE `users`.`email` = BINARY 'chipski@me.com' LIMIT 1[0m
  [1m[35mSQL (1.8ms)[0m  INSERT INTO `users` (`confirmation_sent_at`, `confirmation_token`, `confirmed_at`, `created_at`, `current_sign_in_at`, `current_sign_in_ip`, `email`, `encrypted_password`, `last_sign_in_at`, `last_sign_in_ip`, `name`, `opt_in`, `remember_created_at`, `reset_password_sent_at`, `reset_password_token`, `sign_in_count`, `unconfirmed_email`, `updated_at`) VALUES (?, ?, ?, ?, ?, ?, ?, ?, ?, ?, ?, ?, ?, ?, ?, ?, ?, ?)  [["confirmation_sent_at", nil], ["confirmation_token", nil], ["confirmed_at", nil], ["created_at", Fri, 23 Nov 2012 22:39:40 UTC +00:00], ["current_sign_in_at", nil], ["current_sign_in_ip", nil], ["email", "chipski@me.com"], ["encrypted_password", "$2a$10$SPrLsTyL/2F0sL8UmVOZEe9vdVdM9AxLIc.ldmiIEL51ql7PGk7m."], ["last_sign_in_at", nil], ["last_sign_in_ip", nil], ["name", "Chip User"], ["opt_in", nil], ["remember_created_at", nil], ["reset_password_sent_at", nil], ["reset_password_token", nil], ["sign_in_count", 0], ["unconfirmed_email", nil], ["updated_at", Fri, 23 Nov 2012 22:39:40 UTC +00:00]]
  [1m[36m (1.1ms)[0m  [1mCOMMIT[0m
  [1m[35mSQL (0.1ms)[0m  BEGIN
  [1m[36m (0.2ms)[0m  [1mUPDATE `users` SET `confirmed_at` = '2012-11-23 22:39:40', `updated_at` = '2012-11-23 22:39:40' WHERE `users`.`id` = 1[0m
  [1m[35m (1.3ms)[0m  COMMIT
  [1m[36mSQL (0.1ms)[0m  [1mBEGIN[0m
  [1m[35mUser Exists (0.2ms)[0m  SELECT 1 AS one FROM `users` WHERE `users`.`email` = BINARY 'chipski@mac.com' LIMIT 1
  [1m[36mSQL (0.6ms)[0m  [1mINSERT INTO `users` (`confirmation_sent_at`, `confirmation_token`, `confirmed_at`, `created_at`, `current_sign_in_at`, `current_sign_in_ip`, `email`, `encrypted_password`, `last_sign_in_at`, `last_sign_in_ip`, `name`, `opt_in`, `remember_created_at`, `reset_password_sent_at`, `reset_password_token`, `sign_in_count`, `unconfirmed_email`, `updated_at`) VALUES (?, ?, ?, ?, ?, ?, ?, ?, ?, ?, ?, ?, ?, ?, ?, ?, ?, ?)[0m  [["confirmation_sent_at", nil], ["confirmation_token", nil], ["confirmed_at", nil], ["created_at", Fri, 23 Nov 2012 22:39:41 UTC +00:00], ["current_sign_in_at", nil], ["current_sign_in_ip", nil], ["email", "chipski@mac.com"], ["encrypted_password", "$2a$10$hxY/JlH9xEC1zHmiADgtO.q7zouQUr.kLcSu1W7X37ehp/43KaJZq"], ["last_sign_in_at", nil], ["last_sign_in_ip", nil], ["name", "Chip Admin"], ["opt_in", nil], ["remember_created_at", nil], ["reset_password_sent_at", nil], ["reset_password_token", nil], ["sign_in_count", 0], ["unconfirmed_email", nil], ["updated_at", Fri, 23 Nov 2012 22:39:41 UTC +00:00]]
  [1m[35m (0.4ms)[0m  COMMIT
  [1m[36mSQL (0.1ms)[0m  [1mBEGIN[0m
  [1m[35m (0.2ms)[0m  UPDATE `users` SET `confirmed_at` = '2012-11-23 22:39:41', `updated_at` = '2012-11-23 22:39:41' WHERE `users`.`id` = 2
  [1m[36m (0.2ms)[0m  [1mCOMMIT[0m
  [1m[35mRole Load (0.3ms)[0m  SELECT `roles`.* FROM `roles` WHERE `roles`.`name` = 'admin' AND `roles`.`resource_type` IS NULL AND `roles`.`resource_id` IS NULL LIMIT 1
  [1m[36mSQL (0.1ms)[0m  [1mBEGIN[0m
  [1m[35mSQL (0.8ms)[0m  INSERT INTO `roles` (`created_at`, `name`, `resource_id`, `resource_type`, `updated_at`) VALUES (?, ?, ?, ?, ?)  [["created_at", Fri, 23 Nov 2012 22:39:41 UTC +00:00], ["name", "admin"], ["resource_id", nil], ["resource_type", nil], ["updated_at", Fri, 23 Nov 2012 22:39:41 UTC +00:00]]
  [1m[36m (0.3ms)[0m  [1mCOMMIT[0m
  [1m[35mRole Exists (0.2ms)[0m  SELECT 1 AS one FROM `roles` INNER JOIN `users_roles` ON `roles`.`id` = `users_roles`.`role_id` WHERE `users_roles`.`user_id` = 1 AND `roles`.`id` = 1 LIMIT 1
  [1m[36m (0.1ms)[0m  [1mSELECT `roles`.id FROM `roles` INNER JOIN `users_roles` ON `roles`.`id` = `users_roles`.`role_id` WHERE `users_roles`.`user_id` = 1[0m
  [1m[35mRole Load (0.3ms)[0m  SELECT `roles`.* FROM `roles` WHERE `roles`.`id` = ? LIMIT 1  [["id", 1]]
  [1m[36mRole Load (0.2ms)[0m  [1mSELECT `roles`.* FROM `roles` INNER JOIN `users_roles` ON `roles`.`id` = `users_roles`.`role_id` WHERE `users_roles`.`user_id` = 1[0m
  [1m[35mSQL (0.1ms)[0m  BEGIN
  [1m[36m (0.1ms)[0m  [1mINSERT INTO `users_roles` (`user_id`, `role_id`) VALUES (1, 1)[0m
  [1m[35m (0.3ms)[0m  COMMIT
Connecting to database specified by database.yml


Started GET "/users/sign_in" for 127.0.0.1 at 2012-11-23 14:39:58 -0800
Processing by Devise::SessionsController#new as HTML
  Rendered devise/shared/_links.html.haml (2.0ms)
  Rendered devise/sessions/new.html.haml within layouts/application (147.8ms)
  Rendered layouts/_navigation.html.haml (2.7ms)
  Rendered layouts/_messages.html.haml (1.1ms)
Completed 200 OK in 335ms (Views: 271.6ms | ActiveRecord: 2.5ms)


Started POST "/users/sign_in" for 127.0.0.1 at 2012-11-23 14:40:09 -0800
Processing by Devise::SessionsController#create as HTML
  Parameters: {"utf8"=>"✓", "authenticity_token"=>"oOedrNOXPeQrKYaTdZWTCqeESlAbHPLFHIHLVe6s5Fo=", "user"=>{"email"=>"chipski@mac.com", "password"=>"[FILTERED]", "remember_me"=>"1"}, "commit"=>"Sign in"}
  [1m[36mUser Load (2.4ms)[0m  [1mSELECT `users`.* FROM `users` WHERE `users`.`email` = 'chipski@mac.com' LIMIT 1[0m
  [1m[35mSQL (0.2ms)[0m  BEGIN
  [1m[36m (0.3ms)[0m  [1mUPDATE `users` SET `remember_created_at` = '2012-11-23 22:40:09', `updated_at` = '2012-11-23 22:40:09' WHERE `users`.`id` = 2[0m
  [1m[35m (0.4ms)[0m  COMMIT
  [1m[36mSQL (0.1ms)[0m  [1mBEGIN[0m
  [1m[35m (0.3ms)[0m  UPDATE `users` SET `last_sign_in_at` = '2012-11-23 22:40:09', `current_sign_in_at` = '2012-11-23 22:40:09', `last_sign_in_ip` = '127.0.0.1', `current_sign_in_ip` = '127.0.0.1', `sign_in_count` = 1, `updated_at` = '2012-11-23 22:40:09' WHERE `users`.`id` = 2
  [1m[36m (0.3ms)[0m  [1mCOMMIT[0m
Redirected to http://localhost:3000/
Completed 302 Found in 165ms (ActiveRecord: 0.0ms)


Started GET "/" for 127.0.0.1 at 2012-11-23 14:40:09 -0800
  [1m[35mUser Load (0.4ms)[0m  SELECT `users`.* FROM `users` WHERE `users`.`id` = 2 LIMIT 1
Processing by HomeController#index as HTML
  Rendered home/index.html.haml within layouts/application (0.7ms)
  [1m[36m (0.2ms)[0m  [1mSELECT COUNT(*) FROM `roles` INNER JOIN `users_roles` ON `roles`.`id` = `users_roles`.`role_id` WHERE `users_roles`.`user_id` = 2 AND (((roles.name = 'admin') AND (roles.resource_type IS NULL) AND (roles.resource_id IS NULL)))[0m
  Rendered layouts/_navigation.html.haml (70.1ms)
  Rendered layouts/_messages.html.haml (0.3ms)
Completed 200 OK in 87ms (Views: 83.9ms | ActiveRecord: 2.9ms)


Started GET "/users" for 127.0.0.1 at 2012-11-23 14:40:16 -0800
Processing by UsersController#index as HTML
  [1m[35mUser Load (0.3ms)[0m  SELECT `users`.* FROM `users` WHERE `users`.`id` = 2 LIMIT 1
  [1m[36m (0.3ms)[0m  [1mSELECT COUNT(*) FROM `roles` INNER JOIN `users_roles` ON `roles`.`id` = `users_roles`.`role_id` WHERE `users_roles`.`user_id` = 2 AND (((roles.name = 'admin') AND (roles.resource_type IS NULL) AND (roles.resource_id IS NULL)))[0m
Redirected to http://localhost:3000/
Completed 302 Found in 5ms (ActiveRecord: 0.6ms)


Started GET "/" for 127.0.0.1 at 2012-11-23 14:40:16 -0800
  [1m[35mUser Load (0.4ms)[0m  SELECT `users`.* FROM `users` WHERE `users`.`id` = 2 LIMIT 1
Processing by HomeController#index as HTML
  Rendered home/index.html.haml within layouts/application (0.1ms)
  [1m[36m (0.4ms)[0m  [1mSELECT COUNT(*) FROM `roles` INNER JOIN `users_roles` ON `roles`.`id` = `users_roles`.`role_id` WHERE `users_roles`.`user_id` = 2 AND (((roles.name = 'admin') AND (roles.resource_type IS NULL) AND (roles.resource_id IS NULL)))[0m
  Rendered layouts/_navigation.html.haml (2.6ms)
  Rendered layouts/_messages.html.haml (0.3ms)
Completed 200 OK in 18ms (Views: 17.7ms | ActiveRecord: 0.4ms)
Connecting to database specified by database.yml


Started GET "/users" for 127.0.0.1 at 2012-11-23 14:41:49 -0800
Processing by UsersController#index as HTML
  [1m[35mUser Load (0.3ms)[0m  SELECT `users`.* FROM `users` WHERE `users`.`id` = 2 LIMIT 1
  [1m[36m (0.3ms)[0m  [1mSELECT COUNT(*) FROM `roles` INNER JOIN `users_roles` ON `roles`.`id` = `users_roles`.`role_id` WHERE `users_roles`.`user_id` = 2 AND (((roles.name = 'admin') AND (roles.resource_type IS NULL) AND (roles.resource_id IS NULL)))[0m
  [1m[35mUser Load (0.2ms)[0m  SELECT `users`.* FROM `users` 
  [1m[36m (0.3ms)[0m  [1mSELECT COUNT(*) AS count_all, DATE(created_at) AS date_created_at FROM `users` GROUP BY DATE(created_at)[0m
  Rendered users/index.html.haml within layouts/application (23.2ms)
  [1m[35mCACHE (0.0ms)[0m  SELECT COUNT(*) FROM `roles` INNER JOIN `users_roles` ON `roles`.`id` = `users_roles`.`role_id` WHERE `users_roles`.`user_id` = 2 AND (((roles.name = 'admin') AND (roles.resource_type IS NULL) AND (roles.resource_id IS NULL)))
  Rendered layouts/_navigation.html.haml (2.0ms)
  Rendered layouts/_messages.html.haml (0.1ms)
Completed 200 OK in 47ms (Views: 41.2ms | ActiveRecord: 1.1ms)


Started GET "/users/1" for 127.0.0.1 at 2012-11-23 14:42:24 -0800
Processing by UsersController#show as HTML
  Parameters: {"id"=>"1"}
  [1m[36mUser Load (0.3ms)[0m  [1mSELECT `users`.* FROM `users` WHERE `users`.`id` = 2 LIMIT 1[0m
  [1m[35mUser Load (0.5ms)[0m  SELECT `users`.* FROM `users` WHERE `users`.`id` = ? LIMIT 1  [["id", "1"]]
  Rendered users/show.html.haml within layouts/application (1.4ms)
  [1m[36m (0.4ms)[0m  [1mSELECT COUNT(*) FROM `roles` INNER JOIN `users_roles` ON `roles`.`id` = `users_roles`.`role_id` WHERE `users_roles`.`user_id` = 2 AND (((roles.name = 'admin') AND (roles.resource_type IS NULL) AND (roles.resource_id IS NULL)))[0m
  Rendered layouts/_navigation.html.haml (2.7ms)
  Rendered layouts/_messages.html.haml (0.1ms)
Completed 200 OK in 21ms (Views: 18.7ms | ActiveRecord: 1.2ms)


Started GET "/users" for 127.0.0.1 at 2012-11-23 14:42:27 -0800
Processing by UsersController#index as HTML
  [1m[35mUser Load (0.3ms)[0m  SELECT `users`.* FROM `users` WHERE `users`.`id` = 2 LIMIT 1
  [1m[36m (0.3ms)[0m  [1mSELECT COUNT(*) FROM `roles` INNER JOIN `users_roles` ON `roles`.`id` = `users_roles`.`role_id` WHERE `users_roles`.`user_id` = 2 AND (((roles.name = 'admin') AND (roles.resource_type IS NULL) AND (roles.resource_id IS NULL)))[0m
  [1m[35mUser Load (0.2ms)[0m  SELECT `users`.* FROM `users` 
  [1m[36m (0.2ms)[0m  [1mSELECT COUNT(*) AS count_all, DATE(created_at) AS date_created_at FROM `users` GROUP BY DATE(created_at)[0m
  Rendered users/index.html.haml within layouts/application (2.2ms)
  [1m[35mCACHE (0.0ms)[0m  SELECT COUNT(*) FROM `roles` INNER JOIN `users_roles` ON `roles`.`id` = `users_roles`.`role_id` WHERE `users_roles`.`user_id` = 2 AND (((roles.name = 'admin') AND (roles.resource_type IS NULL) AND (roles.resource_id IS NULL)))
  Rendered layouts/_navigation.html.haml (1.8ms)
  Rendered layouts/_messages.html.haml (0.1ms)
Completed 200 OK in 22ms (Views: 17.9ms | ActiveRecord: 1.1ms)


Started GET "/users/edit" for 127.0.0.1 at 2012-11-23 14:42:29 -0800
Processing by RegistrationsController#edit as HTML
  [1m[36mUser Load (0.3ms)[0m  [1mSELECT `users`.* FROM `users` WHERE `users`.`id` = 2 LIMIT 1[0m
  Rendered devise/registrations/edit.html.haml within layouts/application (46.3ms)
  [1m[35m (0.4ms)[0m  SELECT COUNT(*) FROM `roles` INNER JOIN `users_roles` ON `roles`.`id` = `users_roles`.`role_id` WHERE `users_roles`.`user_id` = 2 AND (((roles.name = 'admin') AND (roles.resource_type IS NULL) AND (roles.resource_id IS NULL)))
  Rendered layouts/_navigation.html.haml (2.5ms)
  Rendered layouts/_messages.html.haml (0.1ms)
Completed 200 OK in 67ms (Views: 65.2ms | ActiveRecord: 0.7ms)


Started DELETE "/users/sign_out" for 127.0.0.1 at 2012-11-23 14:42:30 -0800
Processing by Devise::SessionsController#destroy as HTML
  Parameters: {"authenticity_token"=>"oOedrNOXPeQrKYaTdZWTCqeESlAbHPLFHIHLVe6s5Fo="}
  [1m[36mUser Load (0.3ms)[0m  [1mSELECT `users`.* FROM `users` WHERE `users`.`id` = 2 LIMIT 1[0m
  [1m[35mSQL (0.1ms)[0m  BEGIN
  [1m[36m (0.2ms)[0m  [1mUPDATE `users` SET `remember_created_at` = NULL, `updated_at` = '2012-11-23 22:42:30' WHERE `users`.`id` = 2[0m
  [1m[35m (0.8ms)[0m  COMMIT
Redirected to http://localhost:3000/
Completed 302 Found in 5ms (ActiveRecord: 1.5ms)


Started GET "/" for 127.0.0.1 at 2012-11-23 14:42:30 -0800
Processing by Devise::RegistrationsController#new as HTML
  Rendered devise/registrations/new.html.haml within layouts/application (6.3ms)
  Rendered layouts/_navigation.html.haml (1.0ms)
  Rendered layouts/_messages.html.haml (0.2ms)
Completed 200 OK in 26ms (Views: 25.3ms | ActiveRecord: 0.0ms)


Started POST "/users" for 127.0.0.1 at 2012-11-23 14:42:39 -0800
Processing by RegistrationsController#create as */*
  Parameters: {"user"=>{"email"=>"chip@msg8.com", "opt_in"=>"false"}}
  [1m[36mSQL (0.2ms)[0m  [1mBEGIN[0m
  [1m[35mUser Exists (0.3ms)[0m  SELECT 1 AS one FROM `users` WHERE `users`.`email` = BINARY 'chip@msg8.com' LIMIT 1
  [1m[36mSQL (1.0ms)[0m  [1mINSERT INTO `users` (`confirmation_sent_at`, `confirmation_token`, `confirmed_at`, `created_at`, `current_sign_in_at`, `current_sign_in_ip`, `email`, `encrypted_password`, `last_sign_in_at`, `last_sign_in_ip`, `name`, `opt_in`, `remember_created_at`, `reset_password_sent_at`, `reset_password_token`, `sign_in_count`, `unconfirmed_email`, `updated_at`) VALUES (?, ?, ?, ?, ?, ?, ?, ?, ?, ?, ?, ?, ?, ?, ?, ?, ?, ?)[0m  [["confirmation_sent_at", nil], ["confirmation_token", nil], ["confirmed_at", nil], ["created_at", Fri, 23 Nov 2012 22:42:39 UTC +00:00], ["current_sign_in_at", nil], ["current_sign_in_ip", nil], ["email", "chip@msg8.com"], ["encrypted_password", ""], ["last_sign_in_at", nil], ["last_sign_in_ip", nil], ["name", nil], ["opt_in", false], ["remember_created_at", nil], ["reset_password_sent_at", nil], ["reset_password_token", nil], ["sign_in_count", 0], ["unconfirmed_email", nil], ["updated_at", Fri, 23 Nov 2012 22:42:39 UTC +00:00]]
  [1m[35m (0.3ms)[0m  COMMIT
  Rendered devise/registrations/_thankyou.html.haml (3.0ms)
Completed 200 OK in 21ms (Views: 11.3ms | ActiveRecord: 1.7ms)


Started GET "/" for 127.0.0.1 at 2012-11-23 14:42:51 -0800
Processing by Devise::RegistrationsController#new as HTML
  Rendered devise/registrations/new.html.haml within layouts/application (2.7ms)
  Rendered layouts/_navigation.html.haml (0.6ms)
  Rendered layouts/_messages.html.haml (0.1ms)
Completed 200 OK in 18ms (Views: 17.7ms | ActiveRecord: 0.0ms)
